Arguments: 
  /usr/bin/node /usr/share/yarn/bin/yarn.js add -D pretty-quick lint-staged husky

PATH: 
  /usr/local/sbin:/usr/local/bin:/usr/sbin:/usr/bin:/sbin:/bin:/usr/games:/usr/local/games:/snap/bin

Yarn version: 
  1.19.1

Node version: 
  12.13.1

Platform: 
  linux x64

Trace: 
  Error: getaddrinfo EAI_AGAIN registry.yarnpkg.com
      at GetAddrInfoReqWrap.onlookup [as oncomplete] (dns.js:60:26)

npm manifest: 
  {
    "name": "node-auth",
    "version": "1.0.0",
    "main": "index.js",
    "repository": "git@github.com:LamidoKing/node-auth.git",
    "author": "lamido <kinglamido@gmail.com>",
    "license": "MIT",
    "scripts": {
      "dev": "npm run dev --prefix api",
      "up": "mkdir -p data && docker-compose up -d",
      "down": "docker-compose down",
      "stop": "docker-compose stop"
    }
  }

yarn manifest: 
  No manifest

Lockfile: 
  # THIS IS AN AUTOGENERATED FILE. DO NOT EDIT THIS FILE DIRECTLY.
  # yarn lockfile v1
